<?xml version="1.0" encoding="UTF-8"?>
<!-- Generated by org.testng.reporters.JUnitXMLReporter -->
<testsuite ignored="0" hostname="Hutech-Solutions" failures="0" tests="4" name="TestY" time="0.008" errors="0" timestamp="25 Jun 2023 18:49:04 GMT">
  <testcase classname="com.Api.Api.TestC" name="PracticeA" time="0.0"/>
  <testcase classname="com.Api.Api.TestC" name="PracticeB" time="0.0"/>
  <testcase classname="com.Api.Api.TestD" name="practiceC" time="0.002"/>
  <testcase classname="com.Api.Api.TestD" name="practiceD" time="0.001"/>
</testsuite> <!-- TestY -->
