<?xml version="1.0" encoding="UTF-8"?>
<!-- Generated by org.testng.reporters.JUnitXMLReporter -->
<testsuite ignored="10" hostname="Hutech-Solutions" failures="0" tests="4" name="Test" time="0.036" errors="0" timestamp="24 Jun 2023 18:15:48 GMT">
  <testcase classname="com.Api.Api.TestA" name="demoA" time="0.009"/>
  <testcase classname="com.Api.Api.TestA" name="demoC" time="0.001"/>
  <testcase classname="com.Api.Api.TestB" name="demo5" time="0.001"/>
  <testcase classname="com.Api.Api.TestB" name="demo7" time="0.001"/>
  <testcase classname="com.Api.Api.Request" name="postRequest" time="0.0">
    <ignored/>
  </testcase> <!-- postRequest -->
  <testcase classname="com.Api.Api.TestA" name="demoB" time="0.0">
    <ignored/>
  </testcase> <!-- demoB -->
  <testcase classname="com.Api.Api.TestNG" name="APIloan" time="0.0">
    <ignored/>
  </testcase> <!-- APIloan -->
  <testcase classname="com.Api.Api.Request" name="getRequest" time="0.0">
    <ignored/>
  </testcase> <!-- getRequest -->
  <testcase classname="com.Api.Api.TestB" name="demo6" time="0.0">
    <ignored/>
  </testcase> <!-- demo6 -->
  <testcase classname="com.Api.Api.TestB" name="demo8" time="0.0">
    <ignored/>
  </testcase> <!-- demo8 -->
  <testcase classname="com.Api.Api.TestNG" name="test1" time="0.0">
    <ignored/>
  </testcase> <!-- test1 -->
  <testcase classname="com.Api.Api.TestNG" name="test2" time="0.0">
    <ignored/>
  </testcase> <!-- test2 -->
  <testcase classname="com.Api.Api.TestNG" name="test3" time="0.0">
    <ignored/>
  </testcase> <!-- test3 -->
  <testcase classname="com.Api.Api.TestA" name="demoD" time="0.0">
    <ignored/>
  </testcase> <!-- demoD -->
</testsuite> <!-- Test -->
