<?xml version="1.0" encoding="UTF-8"?>
<!-- Generated by org.testng.reporters.JUnitXMLReporter -->
<testsuite ignored="0" hostname="Hutech-Solutions" failures="0" tests="10" name="TestX" time="0.049" errors="0" timestamp="25 Jun 2023 18:49:04 GMT">
  <testcase classname="com.Api.Api.TestA" name="demoA" time="0.008"/>
  <testcase classname="com.Api.Api.TestB" name="demo5" time="0.008"/>
  <testcase classname="com.Api.Api.TestB" name="demo6" time="0.0"/>
  <testcase classname="com.Api.Api.TestA" name="demoB" time="0.002"/>
  <testcase classname="com.Api.Api.TestA" name="demoC" time="0.0"/>
  <testcase classname="com.Api.Api.TestB" name="demo7" time="0.001"/>
  <testcase classname="com.Api.Api.TestB" name="demo8" time="0.001"/>
  <testcase classname="com.Api.Api.TestA" name="demoD" time="0.001"/>
  <testcase classname="com.Api.Api.TestA" name="demoD" time="0.001"/>
  <testcase classname="com.Api.Api.TestA" name="demoD" time="0.001"/>
</testsuite> <!-- TestX -->
